nohup: ignoring input
./start_app.sh: line 4: cd: /home/frederic/Desktop/Learn/online-document-hub/online doc hub frontend: No such file or directory

changed 1 package, and audited 1304 packages in 11s

269 packages are looking for funding
  run `npm fund` for details

26 vulnerabilities (9 low, 3 moderate, 14 high)

To address issues that do not require attention, run:
  npm audit fix

To address all issues (including breaking changes), run:
  npm audit fix --force

Run `npm audit` for details.

> online-document-hub-frontend@0.1.0 start
> react-scripts start

(node:175223) [DEP_WEBPACK_DEV_SERVER_ON_AFTER_SETUP_MIDDLEWARE] DeprecationWarning: 'onAfterSetupMiddleware' option is deprecated. Please use the 'setupMiddlewares' option.
(Use `node --trace-deprecation ...` to show where the warning was created)
(node:175223) [DEP_WEBPACK_DEV_SERVER_ON_BEFORE_SETUP_MIDDLEWARE] DeprecationWarning: 'onBeforeSetupMiddleware' option is deprecated. Please use the 'setupMiddlewares' option.
Starting the development server...

Compiled successfully!

You can now view online-document-hub-frontend in the browser.

  Local:            http://localhost:3000
  On Your Network:  http://192.168.1.215:3000

Note that the development build is not optimized.
To create a production build, use npm run build.

webpack compiled successfully
Compiling...
Compiled with warnings.

[eslint] 
src/pages/Chat.js
  Line 26:8:  React Hook useEffect has a missing dependency: 'loadUsers'. Either include it or remove the dependency array  react-hooks/exhaustive-deps

Search for the keywords to learn more about each warning.
To ignore, add // eslint-disable-next-line to the line before.

WARNING in [eslint] 
src/pages/Chat.js
  Line 26:8:  React Hook useEffect has a missing dependency: 'loadUsers'. Either include it or remove the dependency array  react-hooks/exhaustive-deps

webpack compiled with 1 warning
Compiling...
Compiled with warnings.

[eslint] 
src/pages/Chat.js
  Line 27:8:  React Hook useEffect has a missing dependency: 'loadUsers'. Either include it or remove the dependency array  react-hooks/exhaustive-deps

Search for the keywords to learn more about each warning.
To ignore, add // eslint-disable-next-line to the line before.

WARNING in [eslint] 
src/pages/Chat.js
  Line 27:8:  React Hook useEffect has a missing dependency: 'loadUsers'. Either include it or remove the dependency array  react-hooks/exhaustive-deps

webpack compiled with 1 warning
./start_app.sh: line 6: 175204 Hangup                  BROWSER=none npm start
