
up to date, audited 1308 packages in 7s

270 packages are looking for funding
  run `npm fund` for details

29 vulnerabilities (9 low, 4 moderate, 16 high)

To address issues that do not require attention, run:
  npm audit fix

To address all issues (including breaking changes), run:
  npm audit fix --force

Run `npm audit` for details.

> online-document-hub-frontend@0.1.0 start
> react-scripts start

(node:33624) [DEP_WEBPACK_DEV_SERVER_ON_AFTER_SETUP_MIDDLEWARE] DeprecationWarning: 'onAfterSetupMiddleware' option is deprecated. Please use the 'setupMiddlewares' option.
(Use `node --trace-deprecation ...` to show where the warning was created)
(node:33624) [DEP_WEBPACK_DEV_SERVER_ON_BEFORE_SETUP_MIDDLEWARE] DeprecationWarning: 'onBeforeSetupMiddleware' option is deprecated. Please use the 'setupMiddlewares' option.
Starting the development server...

Compiled successfully!

You can now view online-document-hub-frontend in the browser.

  Local:            http://localhost:3000
  On Your Network:  http://192.168.1.189:3000

Note that the development build is not optimized.
To create a production build, use npm run build.

webpack compiled successfully
